<?xml version="1.0" encoding="UTF-8"?>
<testsuite xmlns:xsi="http://www.w3.org/2001/XMLSchema-instance" xsi:noNamespaceSchemaLocation="https://maven.apache.org/surefire/maven-surefire-plugin/xsd/surefire-test-report-3.0.xsd" version="3.0" name="edu.escuelaing.arsw.MeanStdDevCalculatorTest" time="0.034" tests="5" errors="0" skipped="0" failures="0">
  <properties>
[...]
</properties>
  <testcase name="testSingleValue" classname="edu.escuelaing.arsw.MeanStdDevCalculatorTest" time="0.011"/>
  <testcase name="testMultipleTables" classname="edu.escuelaing.arsw.MeanStdDevCalculatorTest" time="0.004"/>
  <testcase name="testTwoValues" classname="edu.escuelaing.arsw.MeanStdDevCalculatorTest" time="0.0"/>
  <testcase name="testEmptyFile" classname="edu.escuelaing.arsw.MeanStdDevCalculatorTest" time="0.0"/>
  <testcase name="testProcessNumbersIgnoreText" classname="edu.escuelaing.arsw.MeanStdDevCalculatorTest" time="0.003"/>
</testsuite>